

Started GET "/" for 127.0.0.1 at 2015-06-06 11:53:20 +0200
Processing by Rails::WelcomeController#index as HTML
  Rendered D:/RailsInstaller/Ruby2.1.0/lib/ruby/gems/2.1.0/gems/railties-4.1.8/lib/rails/templates/rails/welcome/index.html.erb (6.0ms)
Completed 200 OK in 53ms (Views: 33.0ms | ActiveRecord: 0.0ms)


Started GET "/" for 127.0.0.1 at 2015-06-06 12:00:16 +0200

ActiveRecord::PendingMigrationError (

Migrations are pending. To resolve this issue, run:

	bin/rake db:migrate RAILS_ENV=development

):
  activerecord (4.1.8) lib/active_record/migration.rb:389:in `check_pending!'
  activerecord (4.1.8) lib/active_record/migration.rb:377:in `call'
  actionpack (4.1.8) lib/action_dispatch/middleware/callbacks.rb:29:in `block in call'
  activesupport (4.1.8) lib/active_support/callbacks.rb:82:in `run_callbacks'
  actionpack (4.1.8) lib/action_dispatch/middleware/callbacks.rb:27:in `call'
  actionpack (4.1.8) lib/action_dispatch/middleware/reloader.rb:73:in `call'
  actionpack (4.1.8) lib/action_dispatch/middleware/remote_ip.rb:76:in `call'
  actionpack (4.1.8) lib/action_dispatch/middleware/debug_exceptions.rb:17:in `call'
  actionpack (4.1.8) lib/action_dispatch/middleware/show_exceptions.rb:30:in `call'
  railties (4.1.8) lib/rails/rack/logger.rb:38:in `call_app'
  railties (4.1.8) lib/rails/rack/logger.rb:20:in `block in call'
  activesupport (4.1.8) lib/active_support/tagged_logging.rb:68:in `block in tagged'
  activesupport (4.1.8) lib/active_support/tagged_logging.rb:26:in `tagged'
  activesupport (4.1.8) lib/active_support/tagged_logging.rb:68:in `tagged'
  railties (4.1.8) lib/rails/rack/logger.rb:20:in `call'
  actionpack (4.1.8) lib/action_dispatch/middleware/request_id.rb:21:in `call'
  rack (1.5.3) lib/rack/methodoverride.rb:21:in `call'
  rack (1.5.3) lib/rack/runtime.rb:17:in `call'
  activesupport (4.1.8) lib/active_support/cache/strategy/local_cache_middleware.rb:26:in `call'
  rack (1.5.3) lib/rack/lock.rb:17:in `call'
  actionpack (4.1.8) lib/action_dispatch/middleware/static.rb:84:in `call'
  rack (1.5.3) lib/rack/sendfile.rb:112:in `call'
  railties (4.1.8) lib/rails/engine.rb:514:in `call'
  railties (4.1.8) lib/rails/application.rb:144:in `call'
  rack (1.5.3) lib/rack/lock.rb:17:in `call'
  rack (1.5.3) lib/rack/content_length.rb:14:in `call'
  rack (1.5.3) lib/rack/handler/webrick.rb:60:in `service'
  D:/RailsInstaller/Ruby2.1.0/lib/ruby/2.1.0/webrick/httpserver.rb:138:in `service'
  D:/RailsInstaller/Ruby2.1.0/lib/ruby/2.1.0/webrick/httpserver.rb:94:in `run'
  D:/RailsInstaller/Ruby2.1.0/lib/ruby/2.1.0/webrick/server.rb:295:in `block in start_thread'


  Rendered D:/RailsInstaller/Ruby2.1.0/lib/ruby/gems/2.1.0/gems/actionpack-4.1.8/lib/action_dispatch/middleware/templates/rescues/_source.erb (1.0ms)
  Rendered D:/RailsInstaller/Ruby2.1.0/lib/ruby/gems/2.1.0/gems/actionpack-4.1.8/lib/action_dispatch/middleware/templates/rescues/_trace.html.erb (1.0ms)
  Rendered D:/RailsInstaller/Ruby2.1.0/lib/ruby/gems/2.1.0/gems/actionpack-4.1.8/lib/action_dispatch/middleware/templates/rescues/_request_and_response.html.erb (1.0ms)
  Rendered D:/RailsInstaller/Ruby2.1.0/lib/ruby/gems/2.1.0/gems/actionpack-4.1.8/lib/action_dispatch/middleware/templates/rescues/diagnostics.erb within rescues/layout (96.0ms)


Started GET "/photos/new" for 127.0.0.1 at 2015-06-06 12:02:54 +0200

ActiveRecord::PendingMigrationError (

Migrations are pending. To resolve this issue, run:

	bin/rake db:migrate RAILS_ENV=development

):
  activerecord (4.1.8) lib/active_record/migration.rb:389:in `check_pending!'
  activerecord (4.1.8) lib/active_record/migration.rb:377:in `call'
  actionpack (4.1.8) lib/action_dispatch/middleware/callbacks.rb:29:in `block in call'
  activesupport (4.1.8) lib/active_support/callbacks.rb:82:in `run_callbacks'
  actionpack (4.1.8) lib/action_dispatch/middleware/callbacks.rb:27:in `call'
  actionpack (4.1.8) lib/action_dispatch/middleware/reloader.rb:73:in `call'
  actionpack (4.1.8) lib/action_dispatch/middleware/remote_ip.rb:76:in `call'
  actionpack (4.1.8) lib/action_dispatch/middleware/debug_exceptions.rb:17:in `call'
  actionpack (4.1.8) lib/action_dispatch/middleware/show_exceptions.rb:30:in `call'
  railties (4.1.8) lib/rails/rack/logger.rb:38:in `call_app'
  railties (4.1.8) lib/rails/rack/logger.rb:20:in `block in call'
  activesupport (4.1.8) lib/active_support/tagged_logging.rb:68:in `block in tagged'
  activesupport (4.1.8) lib/active_support/tagged_logging.rb:26:in `tagged'
  activesupport (4.1.8) lib/active_support/tagged_logging.rb:68:in `tagged'
  railties (4.1.8) lib/rails/rack/logger.rb:20:in `call'
  actionpack (4.1.8) lib/action_dispatch/middleware/request_id.rb:21:in `call'
  rack (1.5.3) lib/rack/methodoverride.rb:21:in `call'
  rack (1.5.3) lib/rack/runtime.rb:17:in `call'
  activesupport (4.1.8) lib/active_support/cache/strategy/local_cache_middleware.rb:26:in `call'
  rack (1.5.3) lib/rack/lock.rb:17:in `call'
  actionpack (4.1.8) lib/action_dispatch/middleware/static.rb:84:in `call'
  rack (1.5.3) lib/rack/sendfile.rb:112:in `call'
  railties (4.1.8) lib/rails/engine.rb:514:in `call'
  railties (4.1.8) lib/rails/application.rb:144:in `call'
  rack (1.5.3) lib/rack/lock.rb:17:in `call'
  rack (1.5.3) lib/rack/content_length.rb:14:in `call'
  rack (1.5.3) lib/rack/handler/webrick.rb:60:in `service'
  D:/RailsInstaller/Ruby2.1.0/lib/ruby/2.1.0/webrick/httpserver.rb:138:in `service'
  D:/RailsInstaller/Ruby2.1.0/lib/ruby/2.1.0/webrick/httpserver.rb:94:in `run'
  D:/RailsInstaller/Ruby2.1.0/lib/ruby/2.1.0/webrick/server.rb:295:in `block in start_thread'


  Rendered D:/RailsInstaller/Ruby2.1.0/lib/ruby/gems/2.1.0/gems/actionpack-4.1.8/lib/action_dispatch/middleware/templates/rescues/_source.erb (1.0ms)
  Rendered D:/RailsInstaller/Ruby2.1.0/lib/ruby/gems/2.1.0/gems/actionpack-4.1.8/lib/action_dispatch/middleware/templates/rescues/_trace.html.erb (1.0ms)
  Rendered D:/RailsInstaller/Ruby2.1.0/lib/ruby/gems/2.1.0/gems/actionpack-4.1.8/lib/action_dispatch/middleware/templates/rescues/_request_and_response.html.erb (1.0ms)
  Rendered D:/RailsInstaller/Ruby2.1.0/lib/ruby/gems/2.1.0/gems/actionpack-4.1.8/lib/action_dispatch/middleware/templates/rescues/diagnostics.erb within rescues/layout (73.0ms)


Started GET "/photos/new" for 127.0.0.1 at 2015-06-06 12:03:06 +0200

ActiveRecord::PendingMigrationError (

Migrations are pending. To resolve this issue, run:

	bin/rake db:migrate RAILS_ENV=development

):
  activerecord (4.1.8) lib/active_record/migration.rb:389:in `check_pending!'
  activerecord (4.1.8) lib/active_record/migration.rb:377:in `call'
  actionpack (4.1.8) lib/action_dispatch/middleware/callbacks.rb:29:in `block in call'
  activesupport (4.1.8) lib/active_support/callbacks.rb:82:in `run_callbacks'
  actionpack (4.1.8) lib/action_dispatch/middleware/callbacks.rb:27:in `call'
  actionpack (4.1.8) lib/action_dispatch/middleware/reloader.rb:73:in `call'
  actionpack (4.1.8) lib/action_dispatch/middleware/remote_ip.rb:76:in `call'
  actionpack (4.1.8) lib/action_dispatch/middleware/debug_exceptions.rb:17:in `call'
  actionpack (4.1.8) lib/action_dispatch/middleware/show_exceptions.rb:30:in `call'
  railties (4.1.8) lib/rails/rack/logger.rb:38:in `call_app'
  railties (4.1.8) lib/rails/rack/logger.rb:20:in `block in call'
  activesupport (4.1.8) lib/active_support/tagged_logging.rb:68:in `block in tagged'
  activesupport (4.1.8) lib/active_support/tagged_logging.rb:26:in `tagged'
  activesupport (4.1.8) lib/active_support/tagged_logging.rb:68:in `tagged'
  railties (4.1.8) lib/rails/rack/logger.rb:20:in `call'
  actionpack (4.1.8) lib/action_dispatch/middleware/request_id.rb:21:in `call'
  rack (1.5.3) lib/rack/methodoverride.rb:21:in `call'
  rack (1.5.3) lib/rack/runtime.rb:17:in `call'
  activesupport (4.1.8) lib/active_support/cache/strategy/local_cache_middleware.rb:26:in `call'
  rack (1.5.3) lib/rack/lock.rb:17:in `call'
  actionpack (4.1.8) lib/action_dispatch/middleware/static.rb:84:in `call'
  rack (1.5.3) lib/rack/sendfile.rb:112:in `call'
  railties (4.1.8) lib/rails/engine.rb:514:in `call'
  railties (4.1.8) lib/rails/application.rb:144:in `call'
  rack (1.5.3) lib/rack/lock.rb:17:in `call'
  rack (1.5.3) lib/rack/content_length.rb:14:in `call'
  rack (1.5.3) lib/rack/handler/webrick.rb:60:in `service'
  D:/RailsInstaller/Ruby2.1.0/lib/ruby/2.1.0/webrick/httpserver.rb:138:in `service'
  D:/RailsInstaller/Ruby2.1.0/lib/ruby/2.1.0/webrick/httpserver.rb:94:in `run'
  D:/RailsInstaller/Ruby2.1.0/lib/ruby/2.1.0/webrick/server.rb:295:in `block in start_thread'


  Rendered D:/RailsInstaller/Ruby2.1.0/lib/ruby/gems/2.1.0/gems/actionpack-4.1.8/lib/action_dispatch/middleware/templates/rescues/_source.erb (1.0ms)
  Rendered D:/RailsInstaller/Ruby2.1.0/lib/ruby/gems/2.1.0/gems/actionpack-4.1.8/lib/action_dispatch/middleware/templates/rescues/_trace.html.erb (2.0ms)
  Rendered D:/RailsInstaller/Ruby2.1.0/lib/ruby/gems/2.1.0/gems/actionpack-4.1.8/lib/action_dispatch/middleware/templates/rescues/_request_and_response.html.erb (2.0ms)
  Rendered D:/RailsInstaller/Ruby2.1.0/lib/ruby/gems/2.1.0/gems/actionpack-4.1.8/lib/action_dispatch/middleware/templates/rescues/diagnostics.erb within rescues/layout (59.0ms)


Started GET "/photos/new" for 127.0.0.1 at 2015-06-06 12:03:10 +0200

ActiveRecord::PendingMigrationError (

Migrations are pending. To resolve this issue, run:

	bin/rake db:migrate RAILS_ENV=development

):
  activerecord (4.1.8) lib/active_record/migration.rb:389:in `check_pending!'
  activerecord (4.1.8) lib/active_record/migration.rb:377:in `call'
  actionpack (4.1.8) lib/action_dispatch/middleware/callbacks.rb:29:in `block in call'
  activesupport (4.1.8) lib/active_support/callbacks.rb:82:in `run_callbacks'
  actionpack (4.1.8) lib/action_dispatch/middleware/callbacks.rb:27:in `call'
  actionpack (4.1.8) lib/action_dispatch/middleware/reloader.rb:73:in `call'
  actionpack (4.1.8) lib/action_dispatch/middleware/remote_ip.rb:76:in `call'
  actionpack (4.1.8) lib/action_dispatch/middleware/debug_exceptions.rb:17:in `call'
  actionpack (4.1.8) lib/action_dispatch/middleware/show_exceptions.rb:30:in `call'
  railties (4.1.8) lib/rails/rack/logger.rb:38:in `call_app'
  railties (4.1.8) lib/rails/rack/logger.rb:20:in `block in call'
  activesupport (4.1.8) lib/active_support/tagged_logging.rb:68:in `block in tagged'
  activesupport (4.1.8) lib/active_support/tagged_logging.rb:26:in `tagged'
  activesupport (4.1.8) lib/active_support/tagged_logging.rb:68:in `tagged'
  railties (4.1.8) lib/rails/rack/logger.rb:20:in `call'
  actionpack (4.1.8) lib/action_dispatch/middleware/request_id.rb:21:in `call'
  rack (1.5.3) lib/rack/methodoverride.rb:21:in `call'
  rack (1.5.3) lib/rack/runtime.rb:17:in `call'
  activesupport (4.1.8) lib/active_support/cache/strategy/local_cache_middleware.rb:26:in `call'
  rack (1.5.3) lib/rack/lock.rb:17:in `call'
  actionpack (4.1.8) lib/action_dispatch/middleware/static.rb:84:in `call'
  rack (1.5.3) lib/rack/sendfile.rb:112:in `call'
  railties (4.1.8) lib/rails/engine.rb:514:in `call'
  railties (4.1.8) lib/rails/application.rb:144:in `call'
  rack (1.5.3) lib/rack/lock.rb:17:in `call'
  rack (1.5.3) lib/rack/content_length.rb:14:in `call'
  rack (1.5.3) lib/rack/handler/webrick.rb:60:in `service'
  D:/RailsInstaller/Ruby2.1.0/lib/ruby/2.1.0/webrick/httpserver.rb:138:in `service'
  D:/RailsInstaller/Ruby2.1.0/lib/ruby/2.1.0/webrick/httpserver.rb:94:in `run'
  D:/RailsInstaller/Ruby2.1.0/lib/ruby/2.1.0/webrick/server.rb:295:in `block in start_thread'


  Rendered D:/RailsInstaller/Ruby2.1.0/lib/ruby/gems/2.1.0/gems/actionpack-4.1.8/lib/action_dispatch/middleware/templates/rescues/_source.erb (1.0ms)
  Rendered D:/RailsInstaller/Ruby2.1.0/lib/ruby/gems/2.1.0/gems/actionpack-4.1.8/lib/action_dispatch/middleware/templates/rescues/_trace.html.erb (2.0ms)
  Rendered D:/RailsInstaller/Ruby2.1.0/lib/ruby/gems/2.1.0/gems/actionpack-4.1.8/lib/action_dispatch/middleware/templates/rescues/_request_and_response.html.erb (1.0ms)
  Rendered D:/RailsInstaller/Ruby2.1.0/lib/ruby/gems/2.1.0/gems/actionpack-4.1.8/lib/action_dispatch/middleware/templates/rescues/diagnostics.erb within rescues/layout (69.0ms)
  [1m[36m (15.6ms)[0m  [1mCREATE TABLE "schema_migrations" ("version" varchar(255) NOT NULL) [0m
  [1m[35m (0.0ms)[0m  select sqlite_version(*)
  [1m[36m (0.0ms)[0m  [1mCREATE UNIQUE INDEX "unique_schema_migrations" ON "schema_migrations" ("version")[0m
  [1m[35mActiveRecord::SchemaMigration Load (0.0ms)[0m  SELECT "schema_migrations".* FROM "schema_migrations"
Migrating to CreatePhotos (20150606095810)
  [1m[36m (0.0ms)[0m  [1mbegin transaction[0m
  [1m[35m (0.0ms)[0m  CREATE TABLE "photos" ("id" INTEGER PRIMARY KEY AUTOINCREMENT NOT NULL, "picture" varchar(255), "created_at" datetime, "updated_at" datetime) 
  [1m[36mSQL (0.0ms)[0m  [1mINSERT INTO "schema_migrations" ("version") VALUES (?)[0m  [["version", "20150606095810"]]
  [1m[35m (0.0ms)[0m  commit transaction
  [1m[36mActiveRecord::SchemaMigration Load (0.0ms)[0m  [1mSELECT "schema_migrations".* FROM "schema_migrations"[0m


Started GET "/photos/new" for 127.0.0.1 at 2015-06-06 12:05:01 +0200
  [1m[36mActiveRecord::SchemaMigration Load (1.0ms)[0m  [1mSELECT "schema_migrations".* FROM "schema_migrations"[0m
Processing by PhotosController#new as HTML
  Rendered photos/_form.html.erb (112.0ms)
  Rendered photos/new.html.erb within layouts/application (196.0ms)
Completed 500 Internal Server Error in 5630ms

ActionView::Template::Error (TypeError: El objeto no acepta esta propiedad o método
  (in D:/RailsInstaller/Ruby2.1.0/lib/ruby/gems/2.1.0/gems/turbolinks-2.5.3/lib/assets/javascripts/turbolinks.js.coffee)):
    3: <head>
    4:   <title>PicHome</title>
    5:   <%= stylesheet_link_tag    'application', media: 'all', 'data-turbolinks-track' => true %>
    6:   <%= javascript_include_tag 'application', 'data-turbolinks-track' => true %>
    7:   <%= csrf_meta_tags %>
    8: </head>
    9: <body>
  app/views/layouts/application.html.erb:6:in `_app_views_layouts_application_html_erb___760945958_54220104'


  Rendered D:/RailsInstaller/Ruby2.1.0/lib/ruby/gems/2.1.0/gems/actionpack-4.1.8/lib/action_dispatch/middleware/templates/rescues/_trace.html.erb (2.0ms)
  Rendered D:/RailsInstaller/Ruby2.1.0/lib/ruby/gems/2.1.0/gems/actionpack-4.1.8/lib/action_dispatch/middleware/templates/rescues/_request_and_response.html.erb (2.0ms)
  Rendered D:/RailsInstaller/Ruby2.1.0/lib/ruby/gems/2.1.0/gems/actionpack-4.1.8/lib/action_dispatch/middleware/templates/rescues/template_error.html.erb within rescues/layout (56.0ms)
  [1m[36mActiveRecord::SchemaMigration Load (0.0ms)[0m  [1mSELECT "schema_migrations".* FROM "schema_migrations"[0m
  [1m[35mActiveRecord::SchemaMigration Load (0.0ms)[0m  SELECT "schema_migrations".* FROM "schema_migrations"


Started GET "/photos/new" for 127.0.0.1 at 2015-06-06 12:07:03 +0200
  [1m[36mActiveRecord::SchemaMigration Load (1.0ms)[0m  [1mSELECT "schema_migrations".* FROM "schema_migrations"[0m
Processing by PhotosController#new as HTML
  Rendered photos/_form.html.erb (41.0ms)
  Rendered photos/new.html.erb within layouts/application (58.0ms)
Completed 500 Internal Server Error in 4054ms

ActionView::Template::Error (TypeError: El objeto no acepta esta propiedad o método
  (in D:/RailsInstaller/Ruby2.1.0/lib/ruby/gems/2.1.0/gems/turbolinks-2.5.3/lib/assets/javascripts/turbolinks.js.coffee)):
    3: <head>
    4:   <title>PicHome</title>
    5:   <%= stylesheet_link_tag    'application', media: 'all', 'data-turbolinks-track' => true %>
    6:   <%= javascript_include_tag 'application', 'data-turbolinks-track' => true %>
    7:   <%= csrf_meta_tags %>
    8: </head>
    9: <body>
  app/views/layouts/application.html.erb:6:in `_app_views_layouts_application_html_erb___694355081_54685128'


  Rendered D:/RailsInstaller/Ruby2.1.0/lib/ruby/gems/2.1.0/gems/actionpack-4.1.8/lib/action_dispatch/middleware/templates/rescues/_trace.html.erb (2.0ms)
  Rendered D:/RailsInstaller/Ruby2.1.0/lib/ruby/gems/2.1.0/gems/actionpack-4.1.8/lib/action_dispatch/middleware/templates/rescues/_request_and_response.html.erb (2.0ms)
  Rendered D:/RailsInstaller/Ruby2.1.0/lib/ruby/gems/2.1.0/gems/actionpack-4.1.8/lib/action_dispatch/middleware/templates/rescues/template_error.html.erb within rescues/layout (46.0ms)


Started GET "/photos" for 127.0.0.1 at 2015-06-06 12:07:14 +0200
Processing by PhotosController#index as HTML
  [1m[35mPhoto Load (1.0ms)[0m  SELECT "photos".* FROM "photos"
  Rendered photos/index.html.erb within layouts/application (3.0ms)
Completed 500 Internal Server Error in 3604ms

ActionView::Template::Error (TypeError: El objeto no acepta esta propiedad o método
  (in D:/RailsInstaller/Ruby2.1.0/lib/ruby/gems/2.1.0/gems/turbolinks-2.5.3/lib/assets/javascripts/turbolinks.js.coffee)):
    3: <head>
    4:   <title>PicHome</title>
    5:   <%= stylesheet_link_tag    'application', media: 'all', 'data-turbolinks-track' => true %>
    6:   <%= javascript_include_tag 'application', 'data-turbolinks-track' => true %>
    7:   <%= csrf_meta_tags %>
    8: </head>
    9: <body>
  app/views/layouts/application.html.erb:6:in `_app_views_layouts_application_html_erb___694355081_54685128'


  Rendered D:/RailsInstaller/Ruby2.1.0/lib/ruby/gems/2.1.0/gems/actionpack-4.1.8/lib/action_dispatch/middleware/templates/rescues/_trace.html.erb (2.0ms)
  Rendered D:/RailsInstaller/Ruby2.1.0/lib/ruby/gems/2.1.0/gems/actionpack-4.1.8/lib/action_dispatch/middleware/templates/rescues/_request_and_response.html.erb (1.0ms)
  Rendered D:/RailsInstaller/Ruby2.1.0/lib/ruby/gems/2.1.0/gems/actionpack-4.1.8/lib/action_dispatch/middleware/templates/rescues/template_error.html.erb within rescues/layout (43.0ms)
  [1m[36mActiveRecord::SchemaMigration Load (0.0ms)[0m  [1mSELECT "schema_migrations".* FROM "schema_migrations"[0m
  [1m[35mActiveRecord::SchemaMigration Load (0.0ms)[0m  SELECT "schema_migrations".* FROM "schema_migrations"


Started GET "/photos/new" for 127.0.0.1 at 2015-06-06 12:11:00 +0200
  [1m[36mActiveRecord::SchemaMigration Load (0.0ms)[0m  [1mSELECT "schema_migrations".* FROM "schema_migrations"[0m
Processing by PhotosController#new as HTML
  Rendered photos/_form.html.erb (37.0ms)
  Rendered photos/new.html.erb within layouts/application (51.0ms)
Completed 200 OK in 145ms (Views: 120.0ms | ActiveRecord: 0.0ms)


Started GET "/assets/application.css?body=1" for 127.0.0.1 at 2015-06-06 12:11:00 +0200


Started GET "/assets/scaffolds.css?body=1" for 127.0.0.1 at 2015-06-06 12:11:00 +0200


Started GET "/assets/photos.css?body=1" for 127.0.0.1 at 2015-06-06 12:11:00 +0200


Started GET "/photos" for 127.0.0.1 at 2015-06-06 12:22:28 +0200
  [1m[36mActiveRecord::SchemaMigration Load (0.0ms)[0m  [1mSELECT "schema_migrations".* FROM "schema_migrations"[0m
Processing by PhotosController#index as HTML
  [1m[35mPhoto Load (1.0ms)[0m  SELECT "photos".* FROM "photos"
  Rendered photos/index.html.erb within layouts/application (7.0ms)
Completed 200 OK in 121ms (Views: 89.0ms | ActiveRecord: 1.0ms)


Started GET "/assets/application.css?body=1" for 127.0.0.1 at 2015-06-06 12:22:29 +0200


Started GET "/assets/scaffolds.css?body=1" for 127.0.0.1 at 2015-06-06 12:22:29 +0200


Started GET "/assets/photos.css?body=1" for 127.0.0.1 at 2015-06-06 12:22:29 +0200


Started GET "/photos/new" for 127.0.0.1 at 2015-06-06 12:22:31 +0200
Processing by PhotosController#new as HTML
  Rendered photos/_form.html.erb (48.0ms)
  Rendered photos/new.html.erb within layouts/application (61.0ms)
Completed 200 OK in 106ms (Views: 103.0ms | ActiveRecord: 1.0ms)


Started GET "/assets/scaffolds.css?body=1" for 127.0.0.1 at 2015-06-06 12:22:31 +0200


Started GET "/assets/application.css?body=1" for 127.0.0.1 at 2015-06-06 12:22:31 +0200


Started GET "/assets/photos.css?body=1" for 127.0.0.1 at 2015-06-06 12:22:31 +0200


Started GET "/photos/new" for 127.0.0.1 at 2015-06-06 12:28:06 +0200
Processing by PhotosController#new as HTML
  Rendered photos/_form.html.erb (2.0ms)
  Rendered photos/new.html.erb within layouts/application (7.0ms)
Completed 200 OK in 57ms (Views: 54.0ms | ActiveRecord: 0.0ms)


Started GET "/assets/photos.css?body=1" for 127.0.0.1 at 2015-06-06 12:28:06 +0200


Started GET "/assets/scaffolds.css?body=1" for 127.0.0.1 at 2015-06-06 12:28:06 +0200


Started GET "/assets/application.css?body=1" for 127.0.0.1 at 2015-06-06 12:28:06 +0200


Started GET "/photos/new" for 127.0.0.1 at 2015-06-06 12:45:09 +0200
  [1m[36mActiveRecord::SchemaMigration Load (0.0ms)[0m  [1mSELECT "schema_migrations".* FROM "schema_migrations"[0m
Processing by PhotosController#new as HTML
  Rendered photos/_form.html.erb (39.0ms)
  Rendered photos/new.html.erb within layouts/application (57.0ms)
Completed 500 Internal Server Error in 4043ms

ActionView::Template::Error (TypeError: El objeto no acepta esta propiedad o método
  (in D:/RailsInstaller/Ruby2.1.0/lib/ruby/gems/2.1.0/gems/turbolinks-2.5.3/lib/assets/javascripts/turbolinks.js.coffee)):
     6:   <link href='http://fonts.googleapis.com/css?family=Arvo:400,700' rel='stylesheet' type='text/css'>
     7:   <link href='http://fonts.googleapis.com/css?family=Open+Sans:400,700' rel='stylesheet' type='text/css'>
     8:   <%= stylesheet_link_tag    'application', media: 'all', 'data-turbolinks-track' => true %>
     9:   <%= javascript_include_tag 'application', 'data-turbolinks-track' => true %>
    10:   <%= csrf_meta_tags %>
    11: </head>
    12: <body>
  app/views/layouts/application.html.erb:9:in `_app_views_layouts_application_html_erb__390626711_55510296'


  Rendered D:/RailsInstaller/Ruby2.1.0/lib/ruby/gems/2.1.0/gems/actionpack-4.1.8/lib/action_dispatch/middleware/templates/rescues/_trace.html.erb (2.0ms)
  Rendered D:/RailsInstaller/Ruby2.1.0/lib/ruby/gems/2.1.0/gems/actionpack-4.1.8/lib/action_dispatch/middleware/templates/rescues/_request_and_response.html.erb (2.0ms)
  Rendered D:/RailsInstaller/Ruby2.1.0/lib/ruby/gems/2.1.0/gems/actionpack-4.1.8/lib/action_dispatch/middleware/templates/rescues/template_error.html.erb within rescues/layout (45.0ms)


Started GET "/photos/new" for 127.0.0.1 at 2015-06-06 12:47:14 +0200
Processing by PhotosController#new as HTML
  Rendered photos/_form.html.erb (1.0ms)
  Rendered photos/new.html.erb within layouts/application (7.0ms)
  Rendered photos/_form.html.erb (1.0ms)
Completed 200 OK in 85ms (Views: 84.0ms | ActiveRecord: 0.0ms)


Started GET "/assets/photos.css?body=1" for 127.0.0.1 at 2015-06-06 12:47:15 +0200


Started GET "/assets/scaffolds.css?body=1" for 127.0.0.1 at 2015-06-06 12:47:15 +0200


Started GET "/assets/main.css?body=1" for 127.0.0.1 at 2015-06-06 12:47:15 +0200


Started GET "/assets/vendor.css?body=1" for 127.0.0.1 at 2015-06-06 12:47:15 +0200


Started GET "/assets/application.css?body=1" for 127.0.0.1 at 2015-06-06 12:47:15 +0200


Started GET "/photos/new" for 127.0.0.1 at 2015-06-06 12:49:10 +0200
  [1m[36mActiveRecord::SchemaMigration Load (0.0ms)[0m  [1mSELECT "schema_migrations".* FROM "schema_migrations"[0m
Processing by PhotosController#new as HTML
  Rendered photos/_form.html.erb (39.0ms)
  Rendered photos/new.html.erb within layouts/application (58.0ms)
  Rendered photos/_form.html.erb (1.0ms)
Completed 200 OK in 207ms (Views: 171.0ms | ActiveRecord: 2.0ms)


Started GET "/assets/photos.css?body=1" for 127.0.0.1 at 2015-06-06 12:49:11 +0200


Started GET "/assets/scaffolds.css?body=1" for 127.0.0.1 at 2015-06-06 12:49:11 +0200


Started GET "/assets/main.css?body=1" for 127.0.0.1 at 2015-06-06 12:49:11 +0200


Started GET "/assets/vendor.css?body=1" for 127.0.0.1 at 2015-06-06 12:49:11 +0200


Started GET "/assets/application.css?body=1" for 127.0.0.1 at 2015-06-06 12:49:11 +0200
  [1m[36mActiveRecord::SchemaMigration Load (0.0ms)[0m  [1mSELECT "schema_migrations".* FROM "schema_migrations"[0m
Migrating to CreateComments (20150606105044)
  [1m[35m (0.0ms)[0m  begin transaction
  [1m[36m (46.8ms)[0m  [1mCREATE TABLE "comments" ("id" INTEGER PRIMARY KEY AUTOINCREMENT NOT NULL, "text" varchar(255), "photo_id" integer, "created_at" datetime, "updated_at" datetime) [0m
  [1m[35mSQL (0.0ms)[0m  INSERT INTO "schema_migrations" ("version") VALUES (?)  [["version", "20150606105044"]]
  [1m[36m (15.6ms)[0m  [1mcommit transaction[0m
  [1m[35mActiveRecord::SchemaMigration Load (0.0ms)[0m  SELECT "schema_migrations".* FROM "schema_migrations"


Started GET "/photos/new" for 127.0.0.1 at 2015-06-06 13:00:31 +0200
  [1m[36mActiveRecord::SchemaMigration Load (0.0ms)[0m  [1mSELECT "schema_migrations".* FROM "schema_migrations"[0m
Processing by PhotosController#new as HTML
  Rendered photos/_form.html.erb (33.0ms)
  Rendered photos/new.html.erb within layouts/application (48.0ms)
  Rendered photos/_form.html.erb (1.0ms)
Completed 200 OK in 280ms (Views: 219.0ms | ActiveRecord: 2.0ms)


Started GET "/assets/comments.css?body=1" for 127.0.0.1 at 2015-06-06 13:00:32 +0200


Started GET "/assets/main.css?body=1" for 127.0.0.1 at 2015-06-06 13:00:32 +0200


Started GET "/assets/photos.css?body=1" for 127.0.0.1 at 2015-06-06 13:00:32 +0200


Started GET "/assets/scaffolds.css?body=1" for 127.0.0.1 at 2015-06-06 13:00:32 +0200


Started GET "/assets/vendor.css?body=1" for 127.0.0.1 at 2015-06-06 13:00:32 +0200


Started GET "/assets/application.css?body=1" for 127.0.0.1 at 2015-06-06 13:00:32 +0200


Started GET "/photos/1" for 127.0.0.1 at 2015-06-06 13:00:41 +0200
Processing by PhotosController#show as HTML
  Parameters: {"id"=>"1"}
  [1m[35mPhoto Load (1.0ms)[0m  SELECT  "photos".* FROM "photos"  WHERE "photos"."id" = ? LIMIT 1  [["id", 1]]
Completed 404 Not Found in 4ms

ActiveRecord::RecordNotFound (Couldn't find Photo with 'id'=1):
  app/controllers/photos_controller.rb:70:in `set_photo'


  Rendered D:/RailsInstaller/Ruby2.1.0/lib/ruby/gems/2.1.0/gems/actionpack-4.1.8/lib/action_dispatch/middleware/templates/rescues/_source.erb (1.0ms)
  Rendered D:/RailsInstaller/Ruby2.1.0/lib/ruby/gems/2.1.0/gems/actionpack-4.1.8/lib/action_dispatch/middleware/templates/rescues/_trace.html.erb (2.0ms)
  Rendered D:/RailsInstaller/Ruby2.1.0/lib/ruby/gems/2.1.0/gems/actionpack-4.1.8/lib/action_dispatch/middleware/templates/rescues/_request_and_response.html.erb (1.0ms)
  Rendered D:/RailsInstaller/Ruby2.1.0/lib/ruby/gems/2.1.0/gems/actionpack-4.1.8/lib/action_dispatch/middleware/templates/rescues/diagnostics.erb within rescues/layout (72.0ms)


Started POST "/photos" for 127.0.0.1 at 2015-06-06 13:07:06 +0200
Processing by PhotosController#create as HTML
  Parameters: {"utf8"=>"✓", "authenticity_token"=>"iezbp2mrh6ZCe9Hp1dlia7H5W2uC7QLp7xKzwl8o69I="}
Completed 400 Bad Request in 1ms

ActionController::ParameterMissing (param is missing or the value is empty: photo):
  app/controllers/photos_controller.rb:75:in `photo_params'
  app/controllers/photos_controller.rb:30:in `create'


  Rendered D:/RailsInstaller/Ruby2.1.0/lib/ruby/gems/2.1.0/gems/actionpack-4.1.8/lib/action_dispatch/middleware/templates/rescues/_source.erb (1.0ms)
  Rendered D:/RailsInstaller/Ruby2.1.0/lib/ruby/gems/2.1.0/gems/actionpack-4.1.8/lib/action_dispatch/middleware/templates/rescues/_trace.html.erb (1.0ms)
  Rendered D:/RailsInstaller/Ruby2.1.0/lib/ruby/gems/2.1.0/gems/actionpack-4.1.8/lib/action_dispatch/middleware/templates/rescues/_request_and_response.html.erb (1.0ms)
  Rendered D:/RailsInstaller/Ruby2.1.0/lib/ruby/gems/2.1.0/gems/actionpack-4.1.8/lib/action_dispatch/middleware/templates/rescues/diagnostics.erb within rescues/layout (73.0ms)


Started POST "/photos" for 127.0.0.1 at 2015-06-06 13:07:12 +0200
Processing by PhotosController#create as HTML
  Parameters: {"utf8"=>"✓", "authenticity_token"=>"iezbp2mrh6ZCe9Hp1dlia7H5W2uC7QLp7xKzwl8o69I="}
Completed 400 Bad Request in 1ms

ActionController::ParameterMissing (param is missing or the value is empty: photo):
  app/controllers/photos_controller.rb:75:in `photo_params'
  app/controllers/photos_controller.rb:30:in `create'


  Rendered D:/RailsInstaller/Ruby2.1.0/lib/ruby/gems/2.1.0/gems/actionpack-4.1.8/lib/action_dispatch/middleware/templates/rescues/_source.erb (1.0ms)
  Rendered D:/RailsInstaller/Ruby2.1.0/lib/ruby/gems/2.1.0/gems/actionpack-4.1.8/lib/action_dispatch/middleware/templates/rescues/_trace.html.erb (2.0ms)
  Rendered D:/RailsInstaller/Ruby2.1.0/lib/ruby/gems/2.1.0/gems/actionpack-4.1.8/lib/action_dispatch/middleware/templates/rescues/_request_and_response.html.erb (1.0ms)
  Rendered D:/RailsInstaller/Ruby2.1.0/lib/ruby/gems/2.1.0/gems/actionpack-4.1.8/lib/action_dispatch/middleware/templates/rescues/diagnostics.erb within rescues/layout (82.0ms)


Started GET "/photos/new" for 127.0.0.1 at 2015-06-06 13:08:23 +0200
  [1m[36mActiveRecord::SchemaMigration Load (0.0ms)[0m  [1mSELECT "schema_migrations".* FROM "schema_migrations"[0m
Processing by PhotosController#new as HTML
  Rendered photos/_form.html.erb (29.0ms)
  Rendered photos/new.html.erb within layouts/application (42.0ms)
  Rendered photos/_form.html.erb (1.0ms)
Completed 200 OK in 199ms (Views: 160.0ms | ActiveRecord: 0.0ms)


Started GET "/assets/comments.css?body=1" for 127.0.0.1 at 2015-06-06 13:08:24 +0200


Started GET "/assets/main.css?body=1" for 127.0.0.1 at 2015-06-06 13:08:24 +0200


Started GET "/assets/photos.css?body=1" for 127.0.0.1 at 2015-06-06 13:08:24 +0200


Started GET "/assets/scaffolds.css?body=1" for 127.0.0.1 at 2015-06-06 13:08:24 +0200


Started GET "/assets/vendor.css?body=1" for 127.0.0.1 at 2015-06-06 13:08:24 +0200


Started GET "/assets/application.css?body=1" for 127.0.0.1 at 2015-06-06 13:08:24 +0200


Started GET "/photos/1" for 127.0.0.1 at 2015-06-06 13:08:35 +0200
Processing by PhotosController#show as HTML
  Parameters: {"id"=>"1"}
  [1m[35mPhoto Load (0.0ms)[0m  SELECT  "photos".* FROM "photos"  WHERE "photos"."id" = ? LIMIT 1  [["id", 1]]
Completed 404 Not Found in 20ms

ActiveRecord::RecordNotFound (Couldn't find Photo with 'id'=1):
  app/controllers/photos_controller.rb:70:in `set_photo'


  Rendered D:/RailsInstaller/Ruby2.1.0/lib/ruby/gems/2.1.0/gems/actionpack-4.1.8/lib/action_dispatch/middleware/templates/rescues/_source.erb (1.0ms)
  Rendered D:/RailsInstaller/Ruby2.1.0/lib/ruby/gems/2.1.0/gems/actionpack-4.1.8/lib/action_dispatch/middleware/templates/rescues/_trace.html.erb (2.0ms)
  Rendered D:/RailsInstaller/Ruby2.1.0/lib/ruby/gems/2.1.0/gems/actionpack-4.1.8/lib/action_dispatch/middleware/templates/rescues/_request_and_response.html.erb (2.0ms)
  Rendered D:/RailsInstaller/Ruby2.1.0/lib/ruby/gems/2.1.0/gems/actionpack-4.1.8/lib/action_dispatch/middleware/templates/rescues/diagnostics.erb within rescues/layout (79.0ms)


Started GET "/photos" for 127.0.0.1 at 2015-06-06 13:08:51 +0200
Processing by PhotosController#index as HTML
  [1m[36mPhoto Load (0.0ms)[0m  [1mSELECT "photos".* FROM "photos"[0m
  Rendered photos/index.html.erb within layouts/application (2.0ms)
  Rendered photos/_form.html.erb (2.0ms)
Completed 200 OK in 80ms (Views: 79.0ms | ActiveRecord: 0.0ms)


Started GET "/assets/comments.css?body=1" for 127.0.0.1 at 2015-06-06 13:08:51 +0200


Started GET "/assets/main.css?body=1" for 127.0.0.1 at 2015-06-06 13:08:51 +0200


Started GET "/assets/photos.css?body=1" for 127.0.0.1 at 2015-06-06 13:08:51 +0200


Started GET "/assets/scaffolds.css?body=1" for 127.0.0.1 at 2015-06-06 13:08:51 +0200


Started GET "/assets/vendor.css?body=1" for 127.0.0.1 at 2015-06-06 13:08:51 +0200


Started GET "/assets/application.css?body=1" for 127.0.0.1 at 2015-06-06 13:08:51 +0200


Started POST "/photos" for 127.0.0.1 at 2015-06-06 13:08:57 +0200
Processing by PhotosController#create as HTML
  Parameters: {"utf8"=>"✓", "authenticity_token"=>"iezbp2mrh6ZCe9Hp1dlia7H5W2uC7QLp7xKzwl8o69I="}
Completed 400 Bad Request in 1ms

ActionController::ParameterMissing (param is missing or the value is empty: photo):
  app/controllers/photos_controller.rb:75:in `photo_params'
  app/controllers/photos_controller.rb:30:in `create'


  Rendered D:/RailsInstaller/Ruby2.1.0/lib/ruby/gems/2.1.0/gems/actionpack-4.1.8/lib/action_dispatch/middleware/templates/rescues/_source.erb (1.0ms)
  Rendered D:/RailsInstaller/Ruby2.1.0/lib/ruby/gems/2.1.0/gems/actionpack-4.1.8/lib/action_dispatch/middleware/templates/rescues/_trace.html.erb (1.0ms)
  Rendered D:/RailsInstaller/Ruby2.1.0/lib/ruby/gems/2.1.0/gems/actionpack-4.1.8/lib/action_dispatch/middleware/templates/rescues/_request_and_response.html.erb (1.0ms)
  Rendered D:/RailsInstaller/Ruby2.1.0/lib/ruby/gems/2.1.0/gems/actionpack-4.1.8/lib/action_dispatch/middleware/templates/rescues/diagnostics.erb within rescues/layout (69.0ms)


Started POST "/photos" for 127.0.0.1 at 2015-06-06 13:09:30 +0200
Processing by PhotosController#create as HTML
  Parameters: {"utf8"=>"✓", "authenticity_token"=>"iezbp2mrh6ZCe9Hp1dlia7H5W2uC7QLp7xKzwl8o69I=", "photo"=>{"picture"=>#<ActionDispatch::Http::UploadedFile:0x686ca90 @tempfile=#<Tempfile:C:/Users/ANA/AppData/Local/Temp/RackMultipart20150606-5812-10qbdr3>, @original_filename="railsgirls-logo.png", @content_type="image/png", @headers="Content-Disposition: form-data; name=\"photo[picture]\"; filename=\"railsgirls-logo.png\"\r\nContent-Type: image/png\r\n">}}
  [1m[35m (0.0ms)[0m  begin transaction
  [1m[36mSQL (2.0ms)[0m  [1mINSERT INTO "photos" ("created_at", "picture", "updated_at") VALUES (?, ?, ?)[0m  [["created_at", "2015-06-06 11:09:30.631805"], ["picture", "railsgirls-logo.png"], ["updated_at", "2015-06-06 11:09:30.631805"]]
  [1m[35m (7.0ms)[0m  commit transaction
Redirected to http://localhost:3000/photos/1
Completed 302 Found in 139ms (ActiveRecord: 9.0ms)


Started GET "/photos/1" for 127.0.0.1 at 2015-06-06 13:09:30 +0200
Processing by PhotosController#show as HTML
  Parameters: {"id"=>"1"}
  [1m[36mPhoto Load (0.0ms)[0m  [1mSELECT  "photos".* FROM "photos"  WHERE "photos"."id" = ? LIMIT 1[0m  [["id", 1]]
  [1m[35mComment Load (1.0ms)[0m  SELECT "comments".* FROM "comments"  WHERE "comments"."photo_id" = ?  [["photo_id", 1]]
  Rendered comments/_form.html.erb (23.0ms)
  Rendered photos/show.html.erb within layouts/application (38.0ms)
  Rendered photos/_form.html.erb (1.0ms)
Completed 200 OK in 294ms (Views: 109.0ms | ActiveRecord: 1.0ms)


Started GET "/assets/main.css?body=1" for 127.0.0.1 at 2015-06-06 13:09:31 +0200


Started GET "/assets/comments.css?body=1" for 127.0.0.1 at 2015-06-06 13:09:31 +0200


Started GET "/assets/photos.css?body=1" for 127.0.0.1 at 2015-06-06 13:09:31 +0200


Started GET "/assets/scaffolds.css?body=1" for 127.0.0.1 at 2015-06-06 13:09:31 +0200


Started GET "/assets/vendor.css?body=1" for 127.0.0.1 at 2015-06-06 13:09:31 +0200


Started GET "/assets/application.css?body=1" for 127.0.0.1 at 2015-06-06 13:09:31 +0200


Started GET "/assets/delete.png" for 127.0.0.1 at 2015-06-06 13:09:31 +0200


Started PATCH "/photos/1" for 127.0.0.1 at 2015-06-06 13:09:37 +0200
Processing by PhotosController#update as HTML
  Parameters: {"utf8"=>"✓", "authenticity_token"=>"iezbp2mrh6ZCe9Hp1dlia7H5W2uC7QLp7xKzwl8o69I=", "id"=>"1"}
  [1m[36mPhoto Load (0.0ms)[0m  [1mSELECT  "photos".* FROM "photos"  WHERE "photos"."id" = ? LIMIT 1[0m  [["id", 1]]
Completed 400 Bad Request in 4ms

ActionController::ParameterMissing (param is missing or the value is empty: photo):
  app/controllers/photos_controller.rb:75:in `photo_params'
  app/controllers/photos_controller.rb:47:in `block in update'
  app/controllers/photos_controller.rb:46:in `update'


  Rendered D:/RailsInstaller/Ruby2.1.0/lib/ruby/gems/2.1.0/gems/actionpack-4.1.8/lib/action_dispatch/middleware/templates/rescues/_source.erb (1.0ms)
  Rendered D:/RailsInstaller/Ruby2.1.0/lib/ruby/gems/2.1.0/gems/actionpack-4.1.8/lib/action_dispatch/middleware/templates/rescues/_trace.html.erb (2.0ms)
  Rendered D:/RailsInstaller/Ruby2.1.0/lib/ruby/gems/2.1.0/gems/actionpack-4.1.8/lib/action_dispatch/middleware/templates/rescues/_request_and_response.html.erb (1.0ms)
  Rendered D:/RailsInstaller/Ruby2.1.0/lib/ruby/gems/2.1.0/gems/actionpack-4.1.8/lib/action_dispatch/middleware/templates/rescues/diagnostics.erb within rescues/layout (69.0ms)


Started PATCH "/photos/1" for 127.0.0.1 at 2015-06-06 13:09:47 +0200
Processing by PhotosController#update as HTML
  Parameters: {"utf8"=>"✓", "authenticity_token"=>"iezbp2mrh6ZCe9Hp1dlia7H5W2uC7QLp7xKzwl8o69I=", "photo"=>{"picture"=>#<ActionDispatch::Http::UploadedFile:0x4ce1950 @tempfile=#<Tempfile:C:/Users/ANA/AppData/Local/Temp/RackMultipart20150606-5812-zzempi>, @original_filename="1199_jirafa-30-250x250.jpg", @content_type="image/jpeg", @headers="Content-Disposition: form-data; name=\"photo[picture]\"; filename=\"1199_jirafa-30-250x250.jpg\"\r\nContent-Type: image/jpeg\r\n">}, "id"=>"1"}
  [1m[35mPhoto Load (1.0ms)[0m  SELECT  "photos".* FROM "photos"  WHERE "photos"."id" = ? LIMIT 1  [["id", 1]]
  [1m[36m (0.0ms)[0m  [1mbegin transaction[0m
  [1m[35mPhoto Load (0.0ms)[0m  SELECT  "photos".* FROM "photos"  WHERE "photos"."id" = ? LIMIT 1  [["id", 1]]
  [1m[36mSQL (2.0ms)[0m  [1mUPDATE "photos" SET "picture" = ?, "updated_at" = ? WHERE "photos"."id" = 1[0m  [["picture", "1199_jirafa-30-250x250.jpg"], ["updated_at", "2015-06-06 11:09:47.369282"]]
  [1m[35m (4.0ms)[0m  commit transaction
Redirected to http://localhost:3000/photos/1
Completed 302 Found in 111ms (ActiveRecord: 7.0ms)


Started GET "/photos/1" for 127.0.0.1 at 2015-06-06 13:09:47 +0200
Processing by PhotosController#show as HTML
  Parameters: {"id"=>"1"}
  [1m[36mPhoto Load (1.0ms)[0m  [1mSELECT  "photos".* FROM "photos"  WHERE "photos"."id" = ? LIMIT 1[0m  [["id", 1]]
  [1m[35mComment Load (0.0ms)[0m  SELECT "comments".* FROM "comments"  WHERE "comments"."photo_id" = ?  [["photo_id", 1]]
  Rendered comments/_form.html.erb (2.0ms)
  Rendered photos/show.html.erb within layouts/application (13.0ms)
  Rendered photos/_form.html.erb (2.0ms)
Completed 200 OK in 130ms (Views: 125.0ms | ActiveRecord: 1.0ms)


Started GET "/assets/main.css?body=1" for 127.0.0.1 at 2015-06-06 13:09:47 +0200


Started GET "/assets/comments.css?body=1" for 127.0.0.1 at 2015-06-06 13:09:47 +0200


Started GET "/assets/photos.css?body=1" for 127.0.0.1 at 2015-06-06 13:09:47 +0200


Started GET "/assets/scaffolds.css?body=1" for 127.0.0.1 at 2015-06-06 13:09:47 +0200


Started GET "/assets/vendor.css?body=1" for 127.0.0.1 at 2015-06-06 13:09:47 +0200


Started GET "/assets/application.css?body=1" for 127.0.0.1 at 2015-06-06 13:09:47 +0200


Started GET "/photos/1" for 127.0.0.1 at 2015-06-06 13:11:30 +0200
Processing by PhotosController#show as HTML
  Parameters: {"id"=>"1"}
  [1m[36mPhoto Load (1.0ms)[0m  [1mSELECT  "photos".* FROM "photos"  WHERE "photos"."id" = ? LIMIT 1[0m  [["id", 1]]
  [1m[35mComment Load (0.0ms)[0m  SELECT "comments".* FROM "comments"  WHERE "comments"."photo_id" = ?  [["photo_id", 1]]
  Rendered comments/_form.html.erb (2.0ms)
  Rendered photos/show.html.erb within layouts/application (12.0ms)
  Rendered photos/_form.html.erb (1.0ms)
Completed 200 OK in 103ms (Views: 95.0ms | ActiveRecord: 1.0ms)


Started GET "/assets/comments.css?body=1" for 127.0.0.1 at 2015-06-06 13:11:30 +0200


Started GET "/assets/main.css?body=1" for 127.0.0.1 at 2015-06-06 13:11:30 +0200


Started GET "/assets/photos.css?body=1" for 127.0.0.1 at 2015-06-06 13:11:31 +0200


Started GET "/assets/scaffolds.css?body=1" for 127.0.0.1 at 2015-06-06 13:11:31 +0200


Started GET "/assets/vendor.css?body=1" for 127.0.0.1 at 2015-06-06 13:11:31 +0200


Started GET "/assets/application.css?body=1" for 127.0.0.1 at 2015-06-06 13:11:31 +0200


Started GET "/photos/1" for 127.0.0.1 at 2015-06-06 13:11:32 +0200
Processing by PhotosController#show as HTML
  Parameters: {"id"=>"1"}
  [1m[36mPhoto Load (0.0ms)[0m  [1mSELECT  "photos".* FROM "photos"  WHERE "photos"."id" = ? LIMIT 1[0m  [["id", 1]]
  [1m[35mComment Load (0.0ms)[0m  SELECT "comments".* FROM "comments"  WHERE "comments"."photo_id" = ?  [["photo_id", 1]]
  Rendered comments/_form.html.erb (1.0ms)
  Rendered photos/show.html.erb within layouts/application (9.0ms)
  Rendered photos/_form.html.erb (1.0ms)
Completed 200 OK in 83ms (Views: 79.0ms | ActiveRecord: 0.0ms)


Started GET "/assets/comments.css?body=1" for 127.0.0.1 at 2015-06-06 13:11:33 +0200


Started GET "/assets/vendor.css?body=1" for 127.0.0.1 at 2015-06-06 13:11:33 +0200


Started GET "/assets/application.css?body=1" for 127.0.0.1 at 2015-06-06 13:11:33 +0200


Started GET "/assets/scaffolds.css?body=1" for 127.0.0.1 at 2015-06-06 13:11:33 +0200


Started GET "/assets/main.css?body=1" for 127.0.0.1 at 2015-06-06 13:11:33 +0200


Started GET "/assets/photos.css?body=1" for 127.0.0.1 at 2015-06-06 13:11:33 +0200


Started PATCH "/photos/1" for 127.0.0.1 at 2015-06-06 13:11:48 +0200
Processing by PhotosController#update as HTML
  Parameters: {"utf8"=>"✓", "authenticity_token"=>"iezbp2mrh6ZCe9Hp1dlia7H5W2uC7QLp7xKzwl8o69I=", "photo"=>{"picture"=>#<ActionDispatch::Http::UploadedFile:0x4c9d340 @tempfile=#<Tempfile:C:/Users/ANA/AppData/Local/Temp/RackMultipart20150606-5812-1pj6hpr>, @original_filename="rails_girls.jpg", @content_type="image/jpeg", @headers="Content-Disposition: form-data; name=\"photo[picture]\"; filename=\"rails_girls.jpg\"\r\nContent-Type: image/jpeg\r\n">}, "id"=>"1"}
  [1m[36mPhoto Load (0.0ms)[0m  [1mSELECT  "photos".* FROM "photos"  WHERE "photos"."id" = ? LIMIT 1[0m  [["id", 1]]
  [1m[35m (0.0ms)[0m  begin transaction
  [1m[36mPhoto Load (0.0ms)[0m  [1mSELECT  "photos".* FROM "photos"  WHERE "photos"."id" = ? LIMIT 1[0m  [["id", 1]]
  [1m[35mSQL (0.0ms)[0m  UPDATE "photos" SET "picture" = ?, "updated_at" = ? WHERE "photos"."id" = 1  [["picture", "rails_girls.jpg"], ["updated_at", "2015-06-06 11:11:48.420001"]]
  [1m[36m (8.0ms)[0m  [1mcommit transaction[0m
Redirected to http://localhost:3000/photos/1
Completed 302 Found in 76ms (ActiveRecord: 8.0ms)


Started GET "/photos/1" for 127.0.0.1 at 2015-06-06 13:11:48 +0200
Processing by PhotosController#show as HTML
  Parameters: {"id"=>"1"}
  [1m[35mPhoto Load (0.0ms)[0m  SELECT  "photos".* FROM "photos"  WHERE "photos"."id" = ? LIMIT 1  [["id", 1]]
  [1m[36mComment Load (0.0ms)[0m  [1mSELECT "comments".* FROM "comments"  WHERE "comments"."photo_id" = ?[0m  [["photo_id", 1]]
  Rendered comments/_form.html.erb (2.0ms)
  Rendered photos/show.html.erb within layouts/application (10.0ms)
  Rendered photos/_form.html.erb (2.0ms)
Completed 200 OK in 101ms (Views: 97.0ms | ActiveRecord: 0.0ms)


Started GET "/assets/photos.css?body=1" for 127.0.0.1 at 2015-06-06 13:11:48 +0200


Started GET "/assets/application.css?body=1" for 127.0.0.1 at 2015-06-06 13:11:48 +0200


Started GET "/assets/scaffolds.css?body=1" for 127.0.0.1 at 2015-06-06 13:11:48 +0200


Started GET "/assets/vendor.css?body=1" for 127.0.0.1 at 2015-06-06 13:11:48 +0200


Started GET "/assets/main.css?body=1" for 127.0.0.1 at 2015-06-06 13:11:48 +0200


Started GET "/assets/comments.css?body=1" for 127.0.0.1 at 2015-06-06 13:11:48 +0200


Started POST "/comments" for 127.0.0.1 at 2015-06-06 13:11:59 +0200
Processing by CommentsController#create as HTML
  Parameters: {"utf8"=>"✓", "authenticity_token"=>"iezbp2mrh6ZCe9Hp1dlia7H5W2uC7QLp7xKzwl8o69I=", "comment"=>{"text"=>"^_^", "photo_id"=>"1"}, "commit"=>"Create Comment"}
  [1m[35m (0.0ms)[0m  begin transaction
  [1m[36mSQL (1.0ms)[0m  [1mINSERT INTO "comments" ("created_at", "photo_id", "text", "updated_at") VALUES (?, ?, ?, ?)[0m  [["created_at", "2015-06-06 11:11:59.355337"], ["photo_id", 1], ["text", "^_^"], ["updated_at", "2015-06-06 11:11:59.355337"]]
  [1m[35m (47.0ms)[0m  commit transaction
  [1m[36mPhoto Load (0.0ms)[0m  [1mSELECT  "photos".* FROM "photos"  WHERE "photos"."id" = ? LIMIT 1[0m  [["id", 1]]
Redirected to http://localhost:3000/photos/1
Completed 302 Found in 65ms (ActiveRecord: 48.0ms)


Started GET "/photos/1" for 127.0.0.1 at 2015-06-06 13:11:59 +0200
Processing by PhotosController#show as HTML
  Parameters: {"id"=>"1"}
  [1m[35mPhoto Load (0.0ms)[0m  SELECT  "photos".* FROM "photos"  WHERE "photos"."id" = ? LIMIT 1  [["id", 1]]
  [1m[36mComment Load (0.0ms)[0m  [1mSELECT "comments".* FROM "comments"  WHERE "comments"."photo_id" = ?[0m  [["photo_id", 1]]
  Rendered comments/_form.html.erb (1.0ms)
  Rendered photos/show.html.erb within layouts/application (14.0ms)
  Rendered photos/_form.html.erb (2.0ms)
Completed 200 OK in 102ms (Views: 96.0ms | ActiveRecord: 0.0ms)


Started GET "/assets/photos.css?body=1" for 127.0.0.1 at 2015-06-06 13:11:59 +0200


Started GET "/assets/application.css?body=1" for 127.0.0.1 at 2015-06-06 13:11:59 +0200


Started GET "/assets/main.css?body=1" for 127.0.0.1 at 2015-06-06 13:11:59 +0200


Started GET "/assets/vendor.css?body=1" for 127.0.0.1 at 2015-06-06 13:11:59 +0200


Started GET "/assets/scaffolds.css?body=1" for 127.0.0.1 at 2015-06-06 13:11:59 +0200


Started GET "/assets/comments.css?body=1" for 127.0.0.1 at 2015-06-06 13:11:59 +0200


Started GET "/photos" for 127.0.0.1 at 2015-06-06 13:12:09 +0200
Processing by PhotosController#index as HTML
  [1m[35mPhoto Load (0.0ms)[0m  SELECT "photos".* FROM "photos"
  Rendered photos/index.html.erb within layouts/application (11.0ms)
  Rendered photos/_form.html.erb (1.0ms)
Completed 200 OK in 88ms (Views: 88.0ms | ActiveRecord: 0.0ms)


Started GET "/assets/main.css?body=1" for 127.0.0.1 at 2015-06-06 13:12:09 +0200


Started GET "/assets/vendor.css?body=1" for 127.0.0.1 at 2015-06-06 13:12:09 +0200


Started GET "/assets/comments.css?body=1" for 127.0.0.1 at 2015-06-06 13:12:09 +0200


Started GET "/assets/scaffolds.css?body=1" for 127.0.0.1 at 2015-06-06 13:12:09 +0200


Started GET "/assets/application.css?body=1" for 127.0.0.1 at 2015-06-06 13:12:09 +0200


Started GET "/assets/photos.css?body=1" for 127.0.0.1 at 2015-06-06 13:12:09 +0200


Started GET "/assets/coment-relaxed.png" for 127.0.0.1 at 2015-06-06 13:12:09 +0200


Started GET "/photos" for 127.0.0.1 at 2015-06-06 13:12:25 +0200
Processing by PhotosController#index as HTML
  [1m[36mPhoto Load (1.0ms)[0m  [1mSELECT "photos".* FROM "photos"[0m
  Rendered photos/index.html.erb within layouts/application (6.0ms)
  Rendered photos/_form.html.erb (1.0ms)
Completed 200 OK in 98ms (Views: 96.0ms | ActiveRecord: 1.0ms)


Started GET "/assets/comments.css?body=1" for 127.0.0.1 at 2015-06-06 13:12:25 +0200


Started GET "/assets/photos.css?body=1" for 127.0.0.1 at 2015-06-06 13:12:25 +0200


Started GET "/assets/scaffolds.css?body=1" for 127.0.0.1 at 2015-06-06 13:12:25 +0200


Started GET "/assets/vendor.css?body=1" for 127.0.0.1 at 2015-06-06 13:12:25 +0200


Started GET "/assets/main.css?body=1" for 127.0.0.1 at 2015-06-06 13:12:25 +0200


Started GET "/assets/application.css?body=1" for 127.0.0.1 at 2015-06-06 13:12:25 +0200


Started GET "/photos" for 127.0.0.1 at 2015-06-06 13:12:31 +0200
Processing by PhotosController#index as HTML
  [1m[35mPhoto Load (0.0ms)[0m  SELECT "photos".* FROM "photos"
  Rendered photos/index.html.erb within layouts/application (6.0ms)
  Rendered photos/_form.html.erb (2.0ms)
Completed 200 OK in 82ms (Views: 81.0ms | ActiveRecord: 0.0ms)


Started GET "/assets/vendor.css?body=1" for 127.0.0.1 at 2015-06-06 13:12:31 +0200


Started GET "/assets/scaffolds.css?body=1" for 127.0.0.1 at 2015-06-06 13:12:31 +0200


Started GET "/assets/main.css?body=1" for 127.0.0.1 at 2015-06-06 13:12:31 +0200


Started GET "/assets/application.css?body=1" for 127.0.0.1 at 2015-06-06 13:12:31 +0200


Started GET "/assets/comments.css?body=1" for 127.0.0.1 at 2015-06-06 13:12:31 +0200


Started GET "/assets/photos.css?body=1" for 127.0.0.1 at 2015-06-06 13:12:31 +0200


Started GET "/photos" for 127.0.0.1 at 2015-06-06 13:12:34 +0200
Processing by PhotosController#index as HTML
  [1m[36mPhoto Load (0.0ms)[0m  [1mSELECT "photos".* FROM "photos"[0m
  Rendered photos/index.html.erb within layouts/application (6.0ms)
  Rendered photos/_form.html.erb (1.0ms)
Completed 200 OK in 90ms (Views: 89.0ms | ActiveRecord: 0.0ms)


Started GET "/assets/application.css?body=1" for 127.0.0.1 at 2015-06-06 13:12:34 +0200


Started GET "/assets/main.css?body=1" for 127.0.0.1 at 2015-06-06 13:12:34 +0200


Started GET "/assets/photos.css?body=1" for 127.0.0.1 at 2015-06-06 13:12:34 +0200


Started GET "/assets/scaffolds.css?body=1" for 127.0.0.1 at 2015-06-06 13:12:34 +0200


Started GET "/assets/vendor.css?body=1" for 127.0.0.1 at 2015-06-06 13:12:34 +0200


Started GET "/assets/comments.css?body=1" for 127.0.0.1 at 2015-06-06 13:12:34 +0200


Started GET "/photos" for 127.0.0.1 at 2015-06-06 13:12:37 +0200
Processing by PhotosController#index as HTML
  [1m[35mPhoto Load (1.0ms)[0m  SELECT "photos".* FROM "photos"
  Rendered photos/index.html.erb within layouts/application (5.0ms)
  Rendered photos/_form.html.erb (1.0ms)
Completed 200 OK in 93ms (Views: 90.0ms | ActiveRecord: 1.0ms)


Started GET "/assets/application.css?body=1" for 127.0.0.1 at 2015-06-06 13:12:37 +0200


Started GET "/assets/main.css?body=1" for 127.0.0.1 at 2015-06-06 13:12:37 +0200


Started GET "/assets/vendor.css?body=1" for 127.0.0.1 at 2015-06-06 13:12:37 +0200


Started GET "/assets/scaffolds.css?body=1" for 127.0.0.1 at 2015-06-06 13:12:37 +0200


Started GET "/assets/photos.css?body=1" for 127.0.0.1 at 2015-06-06 13:12:37 +0200


Started GET "/assets/comments.css?body=1" for 127.0.0.1 at 2015-06-06 13:12:37 +0200


Started GET "/photos" for 127.0.0.1 at 2015-06-06 13:13:27 +0200
Processing by PhotosController#index as HTML
  [1m[36mPhoto Load (0.0ms)[0m  [1mSELECT "photos".* FROM "photos"[0m
  Rendered photos/index.html.erb within layouts/application (5.0ms)
  Rendered photos/_form.html.erb (1.0ms)
Completed 200 OK in 84ms (Views: 82.0ms | ActiveRecord: 0.0ms)


Started GET "/assets/comments.css?body=1" for 127.0.0.1 at 2015-06-06 13:13:27 +0200


Started GET "/assets/main.css?body=1" for 127.0.0.1 at 2015-06-06 13:13:27 +0200


Started GET "/assets/photos.css?body=1" for 127.0.0.1 at 2015-06-06 13:13:27 +0200


Started GET "/assets/scaffolds.css?body=1" for 127.0.0.1 at 2015-06-06 13:13:27 +0200


Started GET "/assets/vendor.css?body=1" for 127.0.0.1 at 2015-06-06 13:13:27 +0200


Started GET "/assets/application.css?body=1" for 127.0.0.1 at 2015-06-06 13:13:27 +0200


Started POST "/photos" for 127.0.0.1 at 2015-06-06 13:14:41 +0200
Processing by PhotosController#create as HTML
  Parameters: {"utf8"=>"✓", "authenticity_token"=>"iezbp2mrh6ZCe9Hp1dlia7H5W2uC7QLp7xKzwl8o69I=", "photo"=>{"picture"=>#<ActionDispatch::Http::UploadedFile:0x59e4508 @tempfile=#<Tempfile:C:/Users/ANA/AppData/Local/Temp/RackMultipart20150606-5812-38pseu>, @original_filename="2e99c38883c72fb46827f6a886fa245e.png", @content_type="image/png", @headers="Content-Disposition: form-data; name=\"photo[picture]\"; filename=\"2e99c38883c72fb46827f6a886fa245e.png\"\r\nContent-Type: image/png\r\n">}}
  [1m[35m (0.0ms)[0m  begin transaction
  [1m[36mSQL (3.0ms)[0m  [1mINSERT INTO "photos" ("created_at", "picture", "updated_at") VALUES (?, ?, ?)[0m  [["created_at", "2015-06-06 11:14:41.686696"], ["picture", "2e99c38883c72fb46827f6a886fa245e.png"], ["updated_at", "2015-06-06 11:14:41.686696"]]
  [1m[35m (6.0ms)[0m  commit transaction
Redirected to http://localhost:3000/photos/2
Completed 302 Found in 166ms (ActiveRecord: 9.0ms)


Started GET "/photos/2" for 127.0.0.1 at 2015-06-06 13:14:41 +0200
Processing by PhotosController#show as HTML
  Parameters: {"id"=>"2"}
  [1m[36mPhoto Load (0.0ms)[0m  [1mSELECT  "photos".* FROM "photos"  WHERE "photos"."id" = ? LIMIT 1[0m  [["id", 2]]
  [1m[35mComment Load (0.0ms)[0m  SELECT "comments".* FROM "comments"  WHERE "comments"."photo_id" = ?  [["photo_id", 2]]
  Rendered comments/_form.html.erb (1.0ms)
  Rendered photos/show.html.erb within layouts/application (12.0ms)
  Rendered photos/_form.html.erb (2.0ms)
Completed 200 OK in 99ms (Views: 93.0ms | ActiveRecord: 0.0ms)


Started GET "/assets/main.css?body=1" for 127.0.0.1 at 2015-06-06 13:14:41 +0200


Started GET "/assets/comments.css?body=1" for 127.0.0.1 at 2015-06-06 13:14:41 +0200


Started GET "/assets/photos.css?body=1" for 127.0.0.1 at 2015-06-06 13:14:41 +0200


Started GET "/assets/scaffolds.css?body=1" for 127.0.0.1 at 2015-06-06 13:14:41 +0200


Started GET "/assets/vendor.css?body=1" for 127.0.0.1 at 2015-06-06 13:14:41 +0200


Started GET "/assets/application.css?body=1" for 127.0.0.1 at 2015-06-06 13:14:41 +0200


Started POST "/comments" for 127.0.0.1 at 2015-06-06 13:15:13 +0200
Processing by CommentsController#create as HTML
  Parameters: {"utf8"=>"✓", "authenticity_token"=>"iezbp2mrh6ZCe9Hp1dlia7H5W2uC7QLp7xKzwl8o69I=", "comment"=>{"text"=>"Hola!", "photo_id"=>"2"}, "commit"=>"Create Comment"}
  [1m[36m (0.0ms)[0m  [1mbegin transaction[0m
  [1m[35mSQL (2.0ms)[0m  INSERT INTO "comments" ("created_at", "photo_id", "text", "updated_at") VALUES (?, ?, ?, ?)  [["created_at", "2015-06-06 11:15:13.727726"], ["photo_id", 2], ["text", "Hola!"], ["updated_at", "2015-06-06 11:15:13.727726"]]
  [1m[36m (55.0ms)[0m  [1mcommit transaction[0m
  [1m[35mPhoto Load (1.0ms)[0m  SELECT  "photos".* FROM "photos"  WHERE "photos"."id" = ? LIMIT 1  [["id", 2]]
Redirected to http://localhost:3000/photos/2
Completed 302 Found in 72ms (ActiveRecord: 58.0ms)


Started GET "/photos/2" for 127.0.0.1 at 2015-06-06 13:15:13 +0200
Processing by PhotosController#show as HTML
  Parameters: {"id"=>"2"}
  [1m[36mPhoto Load (1.0ms)[0m  [1mSELECT  "photos".* FROM "photos"  WHERE "photos"."id" = ? LIMIT 1[0m  [["id", 2]]
  [1m[35mComment Load (0.0ms)[0m  SELECT "comments".* FROM "comments"  WHERE "comments"."photo_id" = ?  [["photo_id", 2]]
  Rendered comments/_form.html.erb (2.0ms)
  Rendered photos/show.html.erb within layouts/application (13.0ms)
  Rendered photos/_form.html.erb (1.0ms)
Completed 200 OK in 102ms (Views: 95.0ms | ActiveRecord: 1.0ms)


Started GET "/assets/main.css?body=1" for 127.0.0.1 at 2015-06-06 13:15:13 +0200


Started GET "/assets/comments.css?body=1" for 127.0.0.1 at 2015-06-06 13:15:13 +0200


Started GET "/assets/photos.css?body=1" for 127.0.0.1 at 2015-06-06 13:15:13 +0200


Started GET "/assets/scaffolds.css?body=1" for 127.0.0.1 at 2015-06-06 13:15:13 +0200


Started GET "/assets/vendor.css?body=1" for 127.0.0.1 at 2015-06-06 13:15:14 +0200


Started GET "/assets/application.css?body=1" for 127.0.0.1 at 2015-06-06 13:15:14 +0200


Started GET "/photos" for 127.0.0.1 at 2015-06-06 13:15:20 +0200
Processing by PhotosController#index as HTML
  [1m[36mPhoto Load (1.0ms)[0m  [1mSELECT "photos".* FROM "photos"[0m
  Rendered photos/index.html.erb within layouts/application (8.0ms)
  Rendered photos/_form.html.erb (1.0ms)
Completed 200 OK in 85ms (Views: 83.0ms | ActiveRecord: 1.0ms)


Started GET "/assets/vendor.css?body=1" for 127.0.0.1 at 2015-06-06 13:15:20 +0200


Started GET "/assets/photos.css?body=1" for 127.0.0.1 at 2015-06-06 13:15:20 +0200


Started GET "/assets/application.css?body=1" for 127.0.0.1 at 2015-06-06 13:15:20 +0200


Started GET "/assets/main.css?body=1" for 127.0.0.1 at 2015-06-06 13:15:20 +0200


Started GET "/assets/comments.css?body=1" for 127.0.0.1 at 2015-06-06 13:15:20 +0200


Started GET "/assets/scaffolds.css?body=1" for 127.0.0.1 at 2015-06-06 13:15:20 +0200


Started GET "/photos" for 127.0.0.1 at 2015-06-06 13:15:22 +0200
Processing by PhotosController#index as HTML
  [1m[35mPhoto Load (1.0ms)[0m  SELECT "photos".* FROM "photos"
  Rendered photos/index.html.erb within layouts/application (7.0ms)
  Rendered photos/_form.html.erb (1.0ms)
Completed 200 OK in 83ms (Views: 81.0ms | ActiveRecord: 1.0ms)


Started GET "/assets/application.css?body=1" for 127.0.0.1 at 2015-06-06 13:15:22 +0200


Started GET "/assets/vendor.css?body=1" for 127.0.0.1 at 2015-06-06 13:15:22 +0200


Started GET "/assets/photos.css?body=1" for 127.0.0.1 at 2015-06-06 13:15:22 +0200


Started GET "/assets/scaffolds.css?body=1" for 127.0.0.1 at 2015-06-06 13:15:22 +0200


Started GET "/assets/main.css?body=1" for 127.0.0.1 at 2015-06-06 13:15:22 +0200


Started GET "/assets/comments.css?body=1" for 127.0.0.1 at 2015-06-06 13:15:22 +0200


Started GET "/photos" for 127.0.0.1 at 2015-06-06 13:15:24 +0200
Processing by PhotosController#index as HTML
  [1m[36mPhoto Load (0.0ms)[0m  [1mSELECT "photos".* FROM "photos"[0m
  Rendered photos/index.html.erb within layouts/application (9.0ms)
  Rendered photos/_form.html.erb (1.0ms)
Completed 200 OK in 96ms (Views: 95.0ms | ActiveRecord: 0.0ms)


Started GET "/assets/comments.css?body=1" for 127.0.0.1 at 2015-06-06 13:15:24 +0200


Started GET "/assets/main.css?body=1" for 127.0.0.1 at 2015-06-06 13:15:24 +0200


Started GET "/assets/vendor.css?body=1" for 127.0.0.1 at 2015-06-06 13:15:24 +0200


Started GET "/assets/scaffolds.css?body=1" for 127.0.0.1 at 2015-06-06 13:15:24 +0200


Started GET "/assets/photos.css?body=1" for 127.0.0.1 at 2015-06-06 13:15:24 +0200


Started GET "/assets/application.css?body=1" for 127.0.0.1 at 2015-06-06 13:15:24 +0200


Started GET "/photos" for 127.0.0.1 at 2015-06-06 13:15:34 +0200
Processing by PhotosController#index as HTML
  [1m[35mPhoto Load (0.0ms)[0m  SELECT "photos".* FROM "photos"
  Rendered photos/index.html.erb within layouts/application (8.0ms)
  Rendered photos/_form.html.erb (1.0ms)
Completed 200 OK in 89ms (Views: 88.0ms | ActiveRecord: 0.0ms)


Started GET "/assets/main.css?body=1" for 127.0.0.1 at 2015-06-06 13:15:34 +0200


Started GET "/assets/comments.css?body=1" for 127.0.0.1 at 2015-06-06 13:15:34 +0200


Started GET "/assets/scaffolds.css?body=1" for 127.0.0.1 at 2015-06-06 13:15:34 +0200


Started GET "/assets/vendor.css?body=1" for 127.0.0.1 at 2015-06-06 13:15:34 +0200


Started GET "/assets/application.css?body=1" for 127.0.0.1 at 2015-06-06 13:15:34 +0200


Started GET "/assets/photos.css?body=1" for 127.0.0.1 at 2015-06-06 13:15:34 +0200


Started GET "/photos" for 127.0.0.1 at 2015-06-06 13:16:07 +0200
Processing by PhotosController#index as HTML
  [1m[36mPhoto Load (1.0ms)[0m  [1mSELECT "photos".* FROM "photos"[0m
  Rendered photos/index.html.erb within layouts/application (9.0ms)
  Rendered photos/_form.html.erb (0.0ms)
Completed 200 OK in 94ms (Views: 91.0ms | ActiveRecord: 1.0ms)


Started GET "/assets/comments.css?body=1" for 127.0.0.1 at 2015-06-06 13:16:08 +0200


Started GET "/assets/main.css?body=1" for 127.0.0.1 at 2015-06-06 13:16:08 +0200


Started GET "/assets/photos.css?body=1" for 127.0.0.1 at 2015-06-06 13:16:08 +0200


Started GET "/assets/scaffolds.css?body=1" for 127.0.0.1 at 2015-06-06 13:16:08 +0200


Started GET "/assets/application.css?body=1" for 127.0.0.1 at 2015-06-06 13:16:08 +0200


Started GET "/assets/vendor.css?body=1" for 127.0.0.1 at 2015-06-06 13:16:08 +0200


Started GET "/text" for 127.0.0.1 at 2015-06-06 13:20:41 +0200

ActionController::RoutingError (No route matches [GET] "/text"):
  actionpack (4.1.8) lib/action_dispatch/middleware/debug_exceptions.rb:21:in `call'
  actionpack (4.1.8) lib/action_dispatch/middleware/show_exceptions.rb:30:in `call'
  railties (4.1.8) lib/rails/rack/logger.rb:38:in `call_app'
  railties (4.1.8) lib/rails/rack/logger.rb:20:in `block in call'
  activesupport (4.1.8) lib/active_support/tagged_logging.rb:68:in `block in tagged'
  activesupport (4.1.8) lib/active_support/tagged_logging.rb:26:in `tagged'
  activesupport (4.1.8) lib/active_support/tagged_logging.rb:68:in `tagged'
  railties (4.1.8) lib/rails/rack/logger.rb:20:in `call'
  actionpack (4.1.8) lib/action_dispatch/middleware/request_id.rb:21:in `call'
  rack (1.5.3) lib/rack/methodoverride.rb:21:in `call'
  rack (1.5.3) lib/rack/runtime.rb:17:in `call'
  activesupport (4.1.8) lib/active_support/cache/strategy/local_cache_middleware.rb:26:in `call'
  rack (1.5.3) lib/rack/lock.rb:17:in `call'
  actionpack (4.1.8) lib/action_dispatch/middleware/static.rb:84:in `call'
  rack (1.5.3) lib/rack/sendfile.rb:112:in `call'
  railties (4.1.8) lib/rails/engine.rb:514:in `call'
  railties (4.1.8) lib/rails/application.rb:144:in `call'
  rack (1.5.3) lib/rack/lock.rb:17:in `call'
  rack (1.5.3) lib/rack/content_length.rb:14:in `call'
  rack (1.5.3) lib/rack/handler/webrick.rb:60:in `service'
  D:/RailsInstaller/Ruby2.1.0/lib/ruby/2.1.0/webrick/httpserver.rb:138:in `service'
  D:/RailsInstaller/Ruby2.1.0/lib/ruby/2.1.0/webrick/httpserver.rb:94:in `run'
  D:/RailsInstaller/Ruby2.1.0/lib/ruby/2.1.0/webrick/server.rb:295:in `block in start_thread'


  Rendered D:/RailsInstaller/Ruby2.1.0/lib/ruby/gems/2.1.0/gems/actionpack-4.1.8/lib/action_dispatch/middleware/templates/rescues/_trace.html.erb (2.0ms)
  Rendered D:/RailsInstaller/Ruby2.1.0/lib/ruby/gems/2.1.0/gems/actionpack-4.1.8/lib/action_dispatch/middleware/templates/routes/_route.html.erb (2.0ms)
  Rendered D:/RailsInstaller/Ruby2.1.0/lib/ruby/gems/2.1.0/gems/actionpack-4.1.8/lib/action_dispatch/middleware/templates/routes/_table.html.erb (8.0ms)
  Rendered D:/RailsInstaller/Ruby2.1.0/lib/ruby/gems/2.1.0/gems/actionpack-4.1.8/lib/action_dispatch/middleware/templates/rescues/routing_error.html.erb within rescues/layout (99.0ms)
